[oleklawfirm.com/index.html]
[backblue.gif]
[fade.gif]
[index.html]
[oleklawfirm.com/editor_images/favicon.png]
[cdn.jsdelivr.net/npm/jquery@3.6.1/dist/jquery.min.js]
[cdn.jsdelivr.net/npm/bootstrap@5.3.3/dist/css/bootstrap.min.css]
[oleklawfirm.com/inc/livea354.css]
[oleklawfirm.com/data/files/oleklogo1.png]
[oleklawfirm.com/about.html]
[oleklawfirm.com/services.html]
[oleklawfirm.com/data/files/1762298705.png]
[oleklawfirm.com/contact.html]
[oleklawfirm.com/data/files/photos/1454165804606-c3d57bc86b40-0e3823a3.jpg]
[oleklawfirm.com/data/files/photos/1626266061368-46a8f578ddd6-1ac04e86.jpg]
[cdn.jsdelivr.net/npm/magnific-popup@1.1.0/dist/magnific-popup.min.css]
[oleklawfirm.com/index90db.html]
[cdn.jsdelivr.net/npm/magnific-popup@1.1.0/dist/jquery.magnific-popup.min.js]
[cdn.jsdelivr.net/npm/instant.page@5.2.0/instantpage.min.js]
[oleklawfirm.com/inc/live0333.js]
[cdn.jsdelivr.net/npm/@fortawesome/fontawesome-free@6.5.2/css/all.min.css]
[cdn.jsdelivr.net/npm/aos@2.3.4/dist/aos.css]
[oleklawfirm.com/index.html]
[cdn.jsdelivr.net/npm/bootstrap@5.3.3/dist/css/bootstrap.min.css]
[oleklawfirm.com/editor_images/quote.png]
[cdn.jsdelivr.net/npm/aos@2.3.4/dist/aos.min.js]
[oleklawfirm.com/inc/livea354.css]
[cdn.jsdelivr.net/npm/bootstrap@5.3.3/dist/js/bootstrap.bundle.min.js]
[oleklawfirm.com/data/files/bg10.jpg]
[oleklawfirm.com/about.html]
[oleklawfirm.com/index-2.html]
[oleklawfirm.com/data/files/servicesbg.jpg]
[oleklawfirm.com/services.html]
[oleklawfirm.com/contact.html]
[oleklawfirm.com/index90db.html]
[cdn.jsdelivr.net/npm/magnific-popup@1.1.0/dist/magnific-popup.min.css]
[cdn.jsdelivr.net/npm/@fortawesome/fontawesome-free@6.5.2/css/all.min.css]
[cdn.jsdelivr.net/npm/aos@2.3.4/dist/aos.css]
[oleklawfirm.com/index-2.html]
